[41;37m./luci-app-ddnsto: has no/multi config file(s), skipping...[0m
[41;37m./luci-app-ddnsto: has no/multi config file(s), skipping...[0m
[41;37m./luci-app-ddnsto: has no/multi config file(s), skipping...[0m
[41;37m./luci-app-ddnsto: has no/multi config file(s), skipping...[0m
[41;37m./luci-app-ddnsto: has no/multi config file(s), skipping...[0m
[41;37m./luci-app-diskman: has no/multi config file(s), skipping...[0m
[41;37m./luci-app-diskman: has no/multi config file(s), skipping...[0m
[41;37m./luci-app-diskman: has no/multi config file(s), skipping...[0m
[41;37m./luci-app-diskman: has no/multi config file(s), skipping...[0m
[41;37m./luci-app-diskman: has no/multi config file(s), skipping...[0m
[41;37m./luci-app-diskman: has no/multi config file(s), skipping...[0m
[41;37m./luci-app-floatip: has no/multi config file(s), skipping...[0m
[41;37m./luci-app-floatip: has no/multi config file(s), skipping...[0m
[41;37m./luci-app-floatip: has no/multi config file(s), skipping...[0m
[41;37m./luci-app-floatip: has no/multi config file(s), skipping...[0m
[41;37m./luci-app-istoreenhance: has no/multi config file(s), skipping...[0m
[41;37m./luci-app-istoreenhance: has no/multi config file(s), skipping...[0m
[41;37m./luci-app-istoreenhance: has no/multi config file(s), skipping...[0m
[41;37m./luci-app-istoreenhance: has no/multi config file(s), skipping...[0m
[41;37m./luci-app-istoreenhance: has no/multi config file(s), skipping...[0m
[41;37m./luci-app-linkease: has no/multi config file(s), skipping...[0m
[41;37m./luci-app-linkease: has no/multi config file(s), skipping...[0m
[41;37m./luci-app-linkease: has no/multi config file(s), skipping...[0m
[41;37m./luci-app-linkease: has no/multi config file(s), skipping...[0m
[41;37m./luci-app-linkease: has no/multi config file(s), skipping...[0m
[41;37m./luci-app-linkease: has no/multi config file(s), skipping...[0m
[41;37m./luci-app-oaf: has no/multi config file(s), skipping...[0m
[41;37m./luci-app-oaf: has no/multi config file(s), skipping...[0m
[41;37m./luci-app-oaf: has no/multi config file(s), skipping...[0m
[41;37m./luci-app-oaf: has no/multi config file(s), skipping...[0m
[41;37m./luci-app-oaf: has no/multi config file(s), skipping...[0m
[41;37m./luci-app-oaf: has no/multi config file(s), skipping...[0m
[41;37m./luci-app-quickstart: has no/multi config file(s), skipping...[0m
[41;37m./luci-app-quickstart: has no/multi config file(s), skipping...[0m
[41;37m./luci-app-quickstart: has no/multi config file(s), skipping...[0m
[41;37m./luci-app-quickstart: has no/multi config file(s), skipping...[0m
[41;37m./luci-app-quickstart: has no/multi config file(s), skipping...[0m
[41;37m./luci-app-quickstart: has no/multi config file(s), skipping...[0m
[41;37m./luci-app-quickstart: has no/multi config file(s), skipping...[0m
[41;37m./luci-app-ramfree: has no/multi config file(s), skipping...[0m
[41;37m./luci-app-ramfree: has no/multi config file(s), skipping...[0m
[41;37m./luci-app-ramfree: has no/multi config file(s), skipping...[0m
[41;37m./luci-app-ramfree: has no/multi config file(s), skipping...[0m
[41;37m./luci-app-unishare: has no/multi config file(s), skipping...[0m
[41;37m./luci-app-unishare: has no/multi config file(s), skipping...[0m
[41;37m./luci-app-unishare: has no/multi config file(s), skipping...[0m
[41;37m./luci-app-unishare: has no/multi config file(s), skipping...[0m
